[12:51:33.498] Global cache location 'C:/Users/acer/AppData/Local/Microsoft/TypeScript/4.4', safe file path 'f:/.emacs.d/.cache/lsp/npm/typescript/node_modules/typescript/lib/typingsafelist.json', types map path f:/.emacs.d/.cache/lsp/npm/typescript/node_modules/typescript/lib/typesmap.json
[12:51:33.500] Processing cache location 'C:/Users/acer/AppData/Local/Microsoft/TypeScript/4.4'
[12:51:33.500] Trying to find 'C:/Users/acer/AppData/Local/Microsoft/TypeScript/4.4/package.json'...
[12:51:33.501] Loaded content of 'C:/Users/acer/AppData/Local/Microsoft/TypeScript/4.4/package.json': {"private":true,"dependencies":{"types-registry":"^0.1.564"},"devDependencies":{"@types/async":"^3.2.8","@types/atob":"^2.1.2","@types/bootstrap":"^5.1.6","@types/lz-string":"^1.3.34","@types/micromatch":"^4.0.2","@types/normalize-path":"^3.0.0","@types/object-assign":"^4.0.30","@types/react":"^17.0.30","@types/react-dom":"^17.0.9","@types/sprintf":"^0.1.0","@types/tapable":"^2.2.2","@types/testing-library__jest-dom":"^5.14.1","@types/tryer":"^1.0.2","@types/webpack-sources":"^3.2.0"}}
[12:51:33.502] Loaded content of 'C:/Users/acer/AppData/Local/Microsoft/TypeScript/4.4/package-lock.json'
[12:51:33.526] Adding entry into typings cache: 'async' => 'C:/Users/acer/AppData/Local/Microsoft/TypeScript/4.4/node_modules/@types/async/index.d.ts'
[12:51:33.532] Adding entry into typings cache: 'atob' => 'C:/Users/acer/AppData/Local/Microsoft/TypeScript/4.4/node_modules/@types/atob/index.d.ts'
[12:51:33.540] Adding entry into typings cache: 'bootstrap' => 'C:/Users/acer/AppData/Local/Microsoft/TypeScript/4.4/node_modules/@types/bootstrap/index.d.ts'
[12:51:33.544] Adding entry into typings cache: 'lz-string' => 'C:/Users/acer/AppData/Local/Microsoft/TypeScript/4.4/node_modules/@types/lz-string/index.d.ts'
[12:51:33.547] Adding entry into typings cache: 'micromatch' => 'C:/Users/acer/AppData/Local/Microsoft/TypeScript/4.4/node_modules/@types/micromatch/index.d.ts'
[12:51:33.551] Adding entry into typings cache: 'normalize-path' => 'C:/Users/acer/AppData/Local/Microsoft/TypeScript/4.4/node_modules/@types/normalize-path/index.d.ts'
[12:51:33.557] Adding entry into typings cache: 'object-assign' => 'C:/Users/acer/AppData/Local/Microsoft/TypeScript/4.4/node_modules/@types/object-assign/index.d.ts'
[12:51:33.562] Adding entry into typings cache: 'react' => 'C:/Users/acer/AppData/Local/Microsoft/TypeScript/4.4/node_modules/@types/react/index.d.ts'
[12:51:33.567] Adding entry into typings cache: 'react-dom' => 'C:/Users/acer/AppData/Local/Microsoft/TypeScript/4.4/node_modules/@types/react-dom/index.d.ts'
[12:51:33.572] Adding entry into typings cache: 'sprintf' => 'C:/Users/acer/AppData/Local/Microsoft/TypeScript/4.4/node_modules/@types/sprintf/index.d.ts'
[12:51:33.576] Adding entry into typings cache: 'tapable' => 'C:/Users/acer/AppData/Local/Microsoft/TypeScript/4.4/node_modules/tapable/tapable.d.ts'
[12:51:33.579] Adding entry into typings cache: 'testing-library__jest-dom' => 'C:/Users/acer/AppData/Local/Microsoft/TypeScript/4.4/node_modules/@types/testing-library__jest-dom/index.d.ts'
[12:51:33.585] Adding entry into typings cache: 'tryer' => 'C:/Users/acer/AppData/Local/Microsoft/TypeScript/4.4/node_modules/@types/tryer/index.d.ts'
[12:51:33.591] Adding entry into typings cache: 'webpack-sources' => 'C:/Users/acer/AppData/Local/Microsoft/TypeScript/4.4/node_modules/@types/webpack-sources/index.d.ts'
[12:51:33.591] Finished processing cache location 'C:/Users/acer/AppData/Local/Microsoft/TypeScript/4.4'
[12:51:33.592] Process id: 16056
[12:51:33.592] NPM location: "C:\Program Files\nodejs\npm" (explicit '--npmLocation' not  provided)
[12:51:33.593] validateDefaultNpmLocation: false
[12:51:33.593] Npm config file: C:/Users/acer/AppData/Local/Microsoft/TypeScript/4.4/package.json
[12:51:33.593] Updating types-registry npm package...
[12:51:33.594] Exec: "C:\Program Files\nodejs\npm" install --ignore-scripts types-registry@latest
[12:51:37.278]     Succeeded. stdout:
    + types-registry@0.1.564
    updated 1 package and audited 46 packages in 1.989s

4 packages are looking for funding
  run `npm fund` for details

found 0 vulnerabilities


[12:51:37.278] Updated types-registry npm package
[12:51:40.191] Got install request {"projectName":"/dev/null/inferredProject1*","fileNames":["f:/.emacs.d/.cache/lsp/npm/typescript/node_modules/typescript/lib/lib.es5.d.ts","f:/.emacs.d/.cache/lsp/npm/typescript/node_modules/typescript/lib/lib.es2015.d.ts","f:/.emacs.d/.cache/lsp/npm/typescript/node_modules/typescript/lib/lib.es2016.d.ts","f:/.emacs.d/.cache/lsp/npm/typescript/node_modules/typescript/lib/lib.dom.d.ts","f:/.emacs.d/.cache/lsp/npm/typescript/node_modules/typescript/lib/lib.dom.iterable.d.ts","f:/.emacs.d/.cache/lsp/npm/typescript/node_modules/typescript/lib/lib.webworker.importscripts.d.ts","f:/.emacs.d/.cache/lsp/npm/typescript/node_modules/typescript/lib/lib.scripthost.d.ts","f:/.emacs.d/.cache/lsp/npm/typescript/node_modules/typescript/lib/lib.es2015.core.d.ts","f:/.emacs.d/.cache/lsp/npm/typescript/node_modules/typescript/lib/lib.es2015.collection.d.ts","f:/.emacs.d/.cache/lsp/npm/typescript/node_modules/typescript/lib/lib.es2015.generator.d.ts","f:/.emacs.d/.cache/lsp/npm/typescript/node_modules/typescript/lib/lib.es2015.iterable.d.ts","f:/.emacs.d/.cache/lsp/npm/typescript/node_modules/typescript/lib/lib.es2015.promise.d.ts","f:/.emacs.d/.cache/lsp/npm/typescript/node_modules/typescript/lib/lib.es2015.proxy.d.ts","f:/.emacs.d/.cache/lsp/npm/typescript/node_modules/typescript/lib/lib.es2015.reflect.d.ts","f:/.emacs.d/.cache/lsp/npm/typescript/node_modules/typescript/lib/lib.es2015.symbol.d.ts","f:/.emacs.d/.cache/lsp/npm/typescript/node_modules/typescript/lib/lib.es2015.symbol.wellknown.d.ts","f:/.emacs.d/.cache/lsp/npm/typescript/node_modules/typescript/lib/lib.es2016.array.include.d.ts","f:/.emacs.d/.cache/lsp/npm/typescript/node_modules/typescript/lib/lib.es2016.full.d.ts","f:/dev/matrix-js-client/src/component/CreateNewClient.js"],"compilerOptions":{"module":1,"target":3,"jsx":1,"allowJs":true,"allowSyntheticDefaultImports":true,"allowNonTsExtensions":true,"noEmitForJsFiles":true,"maxNodeModuleJsDepth":2},"typeAcquisition":{"enable":true,"include":[],"exclude":[]},"unresolvedImports":["@matrix-org/olm"],"projectRootPath":"f:/dev/matrix-js-client/src/component","kind":"discover"}
[12:51:40.209] Loaded safelist from types map file 'f:/.emacs.d/.cache/lsp/npm/typescript/node_modules/typescript/lib/typesmap.json'
[12:51:40.211] Explicitly included types: []
[12:51:40.212] Inferred typings from unresolved imports: ["@matrix-org/olm"]
[12:51:40.212] Result: {"cachedTypingPaths":[],"newTypingNames":["@matrix-org/olm"],"filesToWatch":["f:/dev/matrix-js-client/src/component/bower_components","f:/dev/matrix-js-client/src/component/node_modules"]}
[12:51:40.212] Finished typings discovery: {"cachedTypingPaths":[],"newTypingNames":["@matrix-org/olm"],"filesToWatch":["f:/dev/matrix-js-client/src/component/bower_components","f:/dev/matrix-js-client/src/component/node_modules"]}
[12:51:40.213] DirectoryWatcher:: Added:: WatchInfo: f:/dev/matrix-js-client/src/component/bower_components
[12:51:40.213] DirectoryWatcher:: Added:: WatchInfo: f:/dev/matrix-js-client/src/component/bower_components 1 undefined Project: /dev/null/inferredProject1* watcher already invoked: false
[12:51:40.215] Elapsed:: 1.3370000002905726ms DirectoryWatcher:: Added:: WatchInfo: f:/dev/matrix-js-client/src/component/bower_components 1 undefined Project: /dev/null/inferredProject1* watcher already invoked: false
[12:51:40.215] DirectoryWatcher:: Added:: WatchInfo: f:/dev/matrix-js-client/src/component/node_modules
[12:51:40.215] DirectoryWatcher:: Added:: WatchInfo: f:/dev/matrix-js-client/src/component/node_modules 1 undefined Project: /dev/null/inferredProject1* watcher already invoked: false
[12:51:40.215] Elapsed:: 0.09970000013709068ms DirectoryWatcher:: Added:: WatchInfo: f:/dev/matrix-js-client/src/component/node_modules 1 undefined Project: /dev/null/inferredProject1* watcher already invoked: false
[12:51:40.215] Installing typings ["@matrix-org/olm"]
[12:51:40.216] '@matrix-org/olm':: Entry for package 'matrix-org__olm' does not exist in local types registry - skipping...
[12:51:40.216] All typings are known to be missing or invalid - no need to install more typings
[12:51:40.216] Sending response:
    {"projectName":"/dev/null/inferredProject1*","typeAcquisition":{"enable":true,"include":[],"exclude":[]},"compilerOptions":{"module":1,"target":3,"jsx":1,"allowJs":true,"allowSyntheticDefaultImports":true,"allowNonTsExtensions":true,"noEmitForJsFiles":true,"maxNodeModuleJsDepth":2},"typings":[],"unresolvedImports":["@matrix-org/olm"],"kind":"action::set"}
[12:51:40.217] Response has been sent.
