[01:23:17.130] Global cache location 'C:/Users/acer/AppData/Local/Microsoft/TypeScript/4.4', safe file path 'f:/.emacs.d/.cache/lsp/npm/typescript/node_modules/typescript/lib/typingsafelist.json', types map path f:/.emacs.d/.cache/lsp/npm/typescript/node_modules/typescript/lib/typesmap.json
[01:23:17.132] Processing cache location 'C:/Users/acer/AppData/Local/Microsoft/TypeScript/4.4'
[01:23:17.132] Trying to find 'C:/Users/acer/AppData/Local/Microsoft/TypeScript/4.4/package.json'...
[01:23:17.133] Loaded content of 'C:/Users/acer/AppData/Local/Microsoft/TypeScript/4.4/package.json': {"private":true,"dependencies":{"types-registry":"^0.1.564"},"devDependencies":{"@types/async":"^3.2.8","@types/atob":"^2.1.2","@types/bootstrap":"^5.1.6","@types/lz-string":"^1.3.34","@types/micromatch":"^4.0.2","@types/normalize-path":"^3.0.0","@types/object-assign":"^4.0.30","@types/react":"^17.0.30","@types/react-dom":"^17.0.9","@types/sprintf":"^0.1.0","@types/tapable":"^2.2.2","@types/testing-library__jest-dom":"^5.14.1","@types/tryer":"^1.0.2","@types/webpack-sources":"^3.2.0"}}
[01:23:17.134] Loaded content of 'C:/Users/acer/AppData/Local/Microsoft/TypeScript/4.4/package-lock.json'
[01:23:17.145] Adding entry into typings cache: 'async' => 'C:/Users/acer/AppData/Local/Microsoft/TypeScript/4.4/node_modules/@types/async/index.d.ts'
[01:23:17.150] Adding entry into typings cache: 'atob' => 'C:/Users/acer/AppData/Local/Microsoft/TypeScript/4.4/node_modules/@types/atob/index.d.ts'
[01:23:17.154] Adding entry into typings cache: 'bootstrap' => 'C:/Users/acer/AppData/Local/Microsoft/TypeScript/4.4/node_modules/@types/bootstrap/index.d.ts'
[01:23:17.157] Adding entry into typings cache: 'lz-string' => 'C:/Users/acer/AppData/Local/Microsoft/TypeScript/4.4/node_modules/@types/lz-string/index.d.ts'
[01:23:17.160] Adding entry into typings cache: 'micromatch' => 'C:/Users/acer/AppData/Local/Microsoft/TypeScript/4.4/node_modules/@types/micromatch/index.d.ts'
[01:23:17.163] Adding entry into typings cache: 'normalize-path' => 'C:/Users/acer/AppData/Local/Microsoft/TypeScript/4.4/node_modules/@types/normalize-path/index.d.ts'
[01:23:17.166] Adding entry into typings cache: 'object-assign' => 'C:/Users/acer/AppData/Local/Microsoft/TypeScript/4.4/node_modules/@types/object-assign/index.d.ts'
[01:23:17.170] Adding entry into typings cache: 'react' => 'C:/Users/acer/AppData/Local/Microsoft/TypeScript/4.4/node_modules/@types/react/index.d.ts'
[01:23:17.174] Adding entry into typings cache: 'react-dom' => 'C:/Users/acer/AppData/Local/Microsoft/TypeScript/4.4/node_modules/@types/react-dom/index.d.ts'
[01:23:17.177] Adding entry into typings cache: 'sprintf' => 'C:/Users/acer/AppData/Local/Microsoft/TypeScript/4.4/node_modules/@types/sprintf/index.d.ts'
[01:23:17.179] Adding entry into typings cache: 'tapable' => 'C:/Users/acer/AppData/Local/Microsoft/TypeScript/4.4/node_modules/tapable/tapable.d.ts'
[01:23:17.181] Adding entry into typings cache: 'testing-library__jest-dom' => 'C:/Users/acer/AppData/Local/Microsoft/TypeScript/4.4/node_modules/@types/testing-library__jest-dom/index.d.ts'
[01:23:17.184] Adding entry into typings cache: 'tryer' => 'C:/Users/acer/AppData/Local/Microsoft/TypeScript/4.4/node_modules/@types/tryer/index.d.ts'
[01:23:17.187] Adding entry into typings cache: 'webpack-sources' => 'C:/Users/acer/AppData/Local/Microsoft/TypeScript/4.4/node_modules/@types/webpack-sources/index.d.ts'
[01:23:17.187] Finished processing cache location 'C:/Users/acer/AppData/Local/Microsoft/TypeScript/4.4'
[01:23:17.187] Process id: 14844
[01:23:17.187] NPM location: "C:\Program Files\nodejs\npm" (explicit '--npmLocation' not  provided)
[01:23:17.187] validateDefaultNpmLocation: false
[01:23:17.188] Npm config file: C:/Users/acer/AppData/Local/Microsoft/TypeScript/4.4/package.json
[01:23:17.188] Updating types-registry npm package...
[01:23:17.188] Exec: "C:\Program Files\nodejs\npm" install --ignore-scripts types-registry@latest
[01:23:20.284]     Succeeded. stdout:
    + types-registry@0.1.564
    updated 1 package and audited 46 packages in 2.17s

4 packages are looking for funding
  run `npm fund` for details

found 0 vulnerabilities


[01:23:20.284] Updated types-registry npm package
[01:23:21.529] Got install request {"projectName":"/dev/null/inferredProject1*","fileNames":["f:/.emacs.d/.cache/lsp/npm/typescript/node_modules/typescript/lib/lib.es5.d.ts","f:/.emacs.d/.cache/lsp/npm/typescript/node_modules/typescript/lib/lib.es2015.d.ts","f:/.emacs.d/.cache/lsp/npm/typescript/node_modules/typescript/lib/lib.es2016.d.ts","f:/.emacs.d/.cache/lsp/npm/typescript/node_modules/typescript/lib/lib.dom.d.ts","f:/.emacs.d/.cache/lsp/npm/typescript/node_modules/typescript/lib/lib.dom.iterable.d.ts","f:/.emacs.d/.cache/lsp/npm/typescript/node_modules/typescript/lib/lib.webworker.importscripts.d.ts","f:/.emacs.d/.cache/lsp/npm/typescript/node_modules/typescript/lib/lib.scripthost.d.ts","f:/.emacs.d/.cache/lsp/npm/typescript/node_modules/typescript/lib/lib.es2015.core.d.ts","f:/.emacs.d/.cache/lsp/npm/typescript/node_modules/typescript/lib/lib.es2015.collection.d.ts","f:/.emacs.d/.cache/lsp/npm/typescript/node_modules/typescript/lib/lib.es2015.generator.d.ts","f:/.emacs.d/.cache/lsp/npm/typescript/node_modules/typescript/lib/lib.es2015.iterable.d.ts","f:/.emacs.d/.cache/lsp/npm/typescript/node_modules/typescript/lib/lib.es2015.promise.d.ts","f:/.emacs.d/.cache/lsp/npm/typescript/node_modules/typescript/lib/lib.es2015.proxy.d.ts","f:/.emacs.d/.cache/lsp/npm/typescript/node_modules/typescript/lib/lib.es2015.reflect.d.ts","f:/.emacs.d/.cache/lsp/npm/typescript/node_modules/typescript/lib/lib.es2015.symbol.d.ts","f:/.emacs.d/.cache/lsp/npm/typescript/node_modules/typescript/lib/lib.es2015.symbol.wellknown.d.ts","f:/.emacs.d/.cache/lsp/npm/typescript/node_modules/typescript/lib/lib.es2016.array.include.d.ts","f:/.emacs.d/.cache/lsp/npm/typescript/node_modules/typescript/lib/lib.es2016.full.d.ts","f:/dev/matrix-js-client/src/component/CreateNewClient.js"],"compilerOptions":{"module":1,"target":3,"jsx":1,"allowJs":true,"allowSyntheticDefaultImports":true,"allowNonTsExtensions":true,"noEmitForJsFiles":true,"maxNodeModuleJsDepth":2},"typeAcquisition":{"enable":true,"include":[],"exclude":[]},"unresolvedImports":["@matrix-org/olm"],"projectRootPath":"f:/dev/matrix-js-client/src/component","kind":"discover"}
[01:23:21.541] Loaded safelist from types map file 'f:/.emacs.d/.cache/lsp/npm/typescript/node_modules/typescript/lib/typesmap.json'
[01:23:21.542] Explicitly included types: []
[01:23:21.543] Inferred typings from unresolved imports: ["@matrix-org/olm"]
[01:23:21.544] Result: {"cachedTypingPaths":[],"newTypingNames":["@matrix-org/olm"],"filesToWatch":["f:/dev/matrix-js-client/src/component/bower_components","f:/dev/matrix-js-client/src/component/node_modules"]}
[01:23:21.544] Finished typings discovery: {"cachedTypingPaths":[],"newTypingNames":["@matrix-org/olm"],"filesToWatch":["f:/dev/matrix-js-client/src/component/bower_components","f:/dev/matrix-js-client/src/component/node_modules"]}
[01:23:21.544] DirectoryWatcher:: Added:: WatchInfo: f:/dev/matrix-js-client/src/component/bower_components
[01:23:21.545] DirectoryWatcher:: Added:: WatchInfo: f:/dev/matrix-js-client/src/component/bower_components 1 undefined Project: /dev/null/inferredProject1* watcher already invoked: false
[01:23:21.547] Elapsed:: 1.5137000009417534ms DirectoryWatcher:: Added:: WatchInfo: f:/dev/matrix-js-client/src/component/bower_components 1 undefined Project: /dev/null/inferredProject1* watcher already invoked: false
[01:23:21.547] DirectoryWatcher:: Added:: WatchInfo: f:/dev/matrix-js-client/src/component/node_modules
[01:23:21.547] DirectoryWatcher:: Added:: WatchInfo: f:/dev/matrix-js-client/src/component/node_modules 1 undefined Project: /dev/null/inferredProject1* watcher already invoked: false
[01:23:21.547] Elapsed:: 0.15410000085830688ms DirectoryWatcher:: Added:: WatchInfo: f:/dev/matrix-js-client/src/component/node_modules 1 undefined Project: /dev/null/inferredProject1* watcher already invoked: false
[01:23:21.548] Installing typings ["@matrix-org/olm"]
[01:23:21.548] '@matrix-org/olm':: Entry for package 'matrix-org__olm' does not exist in local types registry - skipping...
[01:23:21.548] All typings are known to be missing or invalid - no need to install more typings
[01:23:21.548] Sending response:
    {"projectName":"/dev/null/inferredProject1*","typeAcquisition":{"enable":true,"include":[],"exclude":[]},"compilerOptions":{"module":1,"target":3,"jsx":1,"allowJs":true,"allowSyntheticDefaultImports":true,"allowNonTsExtensions":true,"noEmitForJsFiles":true,"maxNodeModuleJsDepth":2},"typings":[],"unresolvedImports":["@matrix-org/olm"],"kind":"action::set"}
[01:23:21.549] Response has been sent.
[01:24:09.244] Got install request {"projectName":"/dev/null/inferredProject2*","fileNames":["f:/.emacs.d/.cache/lsp/npm/typescript/node_modules/typescript/lib/lib.es5.d.ts","f:/.emacs.d/.cache/lsp/npm/typescript/node_modules/typescript/lib/lib.es2015.d.ts","f:/.emacs.d/.cache/lsp/npm/typescript/node_modules/typescript/lib/lib.es2016.d.ts","f:/.emacs.d/.cache/lsp/npm/typescript/node_modules/typescript/lib/lib.dom.d.ts","f:/.emacs.d/.cache/lsp/npm/typescript/node_modules/typescript/lib/lib.dom.iterable.d.ts","f:/.emacs.d/.cache/lsp/npm/typescript/node_modules/typescript/lib/lib.webworker.importscripts.d.ts","f:/.emacs.d/.cache/lsp/npm/typescript/node_modules/typescript/lib/lib.scripthost.d.ts","f:/.emacs.d/.cache/lsp/npm/typescript/node_modules/typescript/lib/lib.es2015.core.d.ts","f:/.emacs.d/.cache/lsp/npm/typescript/node_modules/typescript/lib/lib.es2015.collection.d.ts","f:/.emacs.d/.cache/lsp/npm/typescript/node_modules/typescript/lib/lib.es2015.generator.d.ts","f:/.emacs.d/.cache/lsp/npm/typescript/node_modules/typescript/lib/lib.es2015.iterable.d.ts","f:/.emacs.d/.cache/lsp/npm/typescript/node_modules/typescript/lib/lib.es2015.promise.d.ts","f:/.emacs.d/.cache/lsp/npm/typescript/node_modules/typescript/lib/lib.es2015.proxy.d.ts","f:/.emacs.d/.cache/lsp/npm/typescript/node_modules/typescript/lib/lib.es2015.reflect.d.ts","f:/.emacs.d/.cache/lsp/npm/typescript/node_modules/typescript/lib/lib.es2015.symbol.d.ts","f:/.emacs.d/.cache/lsp/npm/typescript/node_modules/typescript/lib/lib.es2015.symbol.wellknown.d.ts","f:/.emacs.d/.cache/lsp/npm/typescript/node_modules/typescript/lib/lib.es2016.array.include.d.ts","f:/.emacs.d/.cache/lsp/npm/typescript/node_modules/typescript/lib/lib.es2016.full.d.ts","f:/dev/matrix-js-client/src/component/Homepage.js"],"compilerOptions":{"module":1,"target":3,"jsx":1,"allowJs":true,"allowSyntheticDefaultImports":true,"allowNonTsExtensions":true,"noEmitForJsFiles":true,"maxNodeModuleJsDepth":2},"typeAcquisition":{"enable":true,"include":[],"exclude":[]},"unresolvedImports":[],"projectRootPath":"f:/dev/matrix-js-client/src/component","kind":"discover"}
[01:24:09.244] Explicitly included types: []
[01:24:09.245] Inferred typings from unresolved imports: []
[01:24:09.245] Result: {"cachedTypingPaths":[],"newTypingNames":[],"filesToWatch":["f:/dev/matrix-js-client/src/component/bower_components","f:/dev/matrix-js-client/src/component/node_modules"]}
[01:24:09.245] Finished typings discovery: {"cachedTypingPaths":[],"newTypingNames":[],"filesToWatch":["f:/dev/matrix-js-client/src/component/bower_components","f:/dev/matrix-js-client/src/component/node_modules"]}
[01:24:09.245] DirectoryWatcher:: Added:: WatchInfo: f:/dev/matrix-js-client/src/component/bower_components
[01:24:09.246] DirectoryWatcher:: Added:: WatchInfo: f:/dev/matrix-js-client/src/component/bower_components 1 undefined Project: /dev/null/inferredProject2* watcher already invoked: false
[01:24:09.246] Elapsed:: 0.0778999999165535ms DirectoryWatcher:: Added:: WatchInfo: f:/dev/matrix-js-client/src/component/bower_components 1 undefined Project: /dev/null/inferredProject2* watcher already invoked: false
[01:24:09.246] DirectoryWatcher:: Added:: WatchInfo: f:/dev/matrix-js-client/src/component/node_modules
[01:24:09.246] DirectoryWatcher:: Added:: WatchInfo: f:/dev/matrix-js-client/src/component/node_modules 1 undefined Project: /dev/null/inferredProject2* watcher already invoked: false
[01:24:09.246] Elapsed:: 0.0625ms DirectoryWatcher:: Added:: WatchInfo: f:/dev/matrix-js-client/src/component/node_modules 1 undefined Project: /dev/null/inferredProject2* watcher already invoked: false
[01:24:09.247] Sending response:
    {"projectName":"/dev/null/inferredProject2*","typeAcquisition":{"enable":true,"include":[],"exclude":[]},"compilerOptions":{"module":1,"target":3,"jsx":1,"allowJs":true,"allowSyntheticDefaultImports":true,"allowNonTsExtensions":true,"noEmitForJsFiles":true,"maxNodeModuleJsDepth":2},"typings":[],"unresolvedImports":[],"kind":"action::set"}
[01:24:09.247] Response has been sent.
[01:24:09.247] No new typings were requested as a result of typings discovery
[01:24:14.808] Got install request {"projectName":"/dev/null/inferredProject2*","fileNames":["f:/.emacs.d/.cache/lsp/npm/typescript/node_modules/typescript/lib/lib.es5.d.ts","f:/.emacs.d/.cache/lsp/npm/typescript/node_modules/typescript/lib/lib.es2015.d.ts","f:/.emacs.d/.cache/lsp/npm/typescript/node_modules/typescript/lib/lib.es2016.d.ts","f:/.emacs.d/.cache/lsp/npm/typescript/node_modules/typescript/lib/lib.dom.d.ts","f:/.emacs.d/.cache/lsp/npm/typescript/node_modules/typescript/lib/lib.dom.iterable.d.ts","f:/.emacs.d/.cache/lsp/npm/typescript/node_modules/typescript/lib/lib.webworker.importscripts.d.ts","f:/.emacs.d/.cache/lsp/npm/typescript/node_modules/typescript/lib/lib.scripthost.d.ts","f:/.emacs.d/.cache/lsp/npm/typescript/node_modules/typescript/lib/lib.es2015.core.d.ts","f:/.emacs.d/.cache/lsp/npm/typescript/node_modules/typescript/lib/lib.es2015.collection.d.ts","f:/.emacs.d/.cache/lsp/npm/typescript/node_modules/typescript/lib/lib.es2015.generator.d.ts","f:/.emacs.d/.cache/lsp/npm/typescript/node_modules/typescript/lib/lib.es2015.iterable.d.ts","f:/.emacs.d/.cache/lsp/npm/typescript/node_modules/typescript/lib/lib.es2015.promise.d.ts","f:/.emacs.d/.cache/lsp/npm/typescript/node_modules/typescript/lib/lib.es2015.proxy.d.ts","f:/.emacs.d/.cache/lsp/npm/typescript/node_modules/typescript/lib/lib.es2015.reflect.d.ts","f:/.emacs.d/.cache/lsp/npm/typescript/node_modules/typescript/lib/lib.es2015.symbol.d.ts","f:/.emacs.d/.cache/lsp/npm/typescript/node_modules/typescript/lib/lib.es2015.symbol.wellknown.d.ts","f:/.emacs.d/.cache/lsp/npm/typescript/node_modules/typescript/lib/lib.es2016.array.include.d.ts","f:/.emacs.d/.cache/lsp/npm/typescript/node_modules/typescript/lib/lib.es2016.full.d.ts","f:/dev/matrix-js-client/src/component/Homepage.js"],"compilerOptions":{"module":1,"target":3,"jsx":1,"allowJs":true,"allowSyntheticDefaultImports":true,"allowNonTsExtensions":true,"noEmitForJsFiles":true,"maxNodeModuleJsDepth":2},"typeAcquisition":{"enable":true,"include":[],"exclude":[]},"unresolvedImports":["reac"],"projectRootPath":"f:/dev/matrix-js-client/src/component","kind":"discover"}
[01:24:14.808] Explicitly included types: []
[01:24:14.808] Inferred typings from unresolved imports: ["reac"]
[01:24:14.808] Result: {"cachedTypingPaths":[],"newTypingNames":["reac"],"filesToWatch":["f:/dev/matrix-js-client/src/component/bower_components","f:/dev/matrix-js-client/src/component/node_modules"]}
[01:24:14.809] Finished typings discovery: {"cachedTypingPaths":[],"newTypingNames":["reac"],"filesToWatch":["f:/dev/matrix-js-client/src/component/bower_components","f:/dev/matrix-js-client/src/component/node_modules"]}
[01:24:14.809] Installing typings ["reac"]
[01:24:14.809] 'reac':: Entry for package 'reac' does not exist in local types registry - skipping...
[01:24:14.809] All typings are known to be missing or invalid - no need to install more typings
[01:24:14.809] Sending response:
    {"projectName":"/dev/null/inferredProject2*","typeAcquisition":{"enable":true,"include":[],"exclude":[]},"compilerOptions":{"module":1,"target":3,"jsx":1,"allowJs":true,"allowSyntheticDefaultImports":true,"allowNonTsExtensions":true,"noEmitForJsFiles":true,"maxNodeModuleJsDepth":2},"typings":[],"unresolvedImports":["reac"],"kind":"action::set"}
[01:24:14.809] Response has been sent.
[01:24:14.870] Got install request {"projectName":"/dev/null/inferredProject2*","fileNames":["f:/.emacs.d/.cache/lsp/npm/typescript/node_modules/typescript/lib/lib.es5.d.ts","f:/.emacs.d/.cache/lsp/npm/typescript/node_modules/typescript/lib/lib.es2015.d.ts","f:/.emacs.d/.cache/lsp/npm/typescript/node_modules/typescript/lib/lib.es2016.d.ts","f:/.emacs.d/.cache/lsp/npm/typescript/node_modules/typescript/lib/lib.dom.d.ts","f:/.emacs.d/.cache/lsp/npm/typescript/node_modules/typescript/lib/lib.dom.iterable.d.ts","f:/.emacs.d/.cache/lsp/npm/typescript/node_modules/typescript/lib/lib.webworker.importscripts.d.ts","f:/.emacs.d/.cache/lsp/npm/typescript/node_modules/typescript/lib/lib.scripthost.d.ts","f:/.emacs.d/.cache/lsp/npm/typescript/node_modules/typescript/lib/lib.es2015.core.d.ts","f:/.emacs.d/.cache/lsp/npm/typescript/node_modules/typescript/lib/lib.es2015.collection.d.ts","f:/.emacs.d/.cache/lsp/npm/typescript/node_modules/typescript/lib/lib.es2015.generator.d.ts","f:/.emacs.d/.cache/lsp/npm/typescript/node_modules/typescript/lib/lib.es2015.iterable.d.ts","f:/.emacs.d/.cache/lsp/npm/typescript/node_modules/typescript/lib/lib.es2015.promise.d.ts","f:/.emacs.d/.cache/lsp/npm/typescript/node_modules/typescript/lib/lib.es2015.proxy.d.ts","f:/.emacs.d/.cache/lsp/npm/typescript/node_modules/typescript/lib/lib.es2015.reflect.d.ts","f:/.emacs.d/.cache/lsp/npm/typescript/node_modules/typescript/lib/lib.es2015.symbol.d.ts","f:/.emacs.d/.cache/lsp/npm/typescript/node_modules/typescript/lib/lib.es2015.symbol.wellknown.d.ts","f:/.emacs.d/.cache/lsp/npm/typescript/node_modules/typescript/lib/lib.es2016.array.include.d.ts","f:/.emacs.d/.cache/lsp/npm/typescript/node_modules/typescript/lib/lib.es2016.full.d.ts","f:/dev/matrix-js-client/src/component/Homepage.js"],"compilerOptions":{"module":1,"target":3,"jsx":1,"allowJs":true,"allowSyntheticDefaultImports":true,"allowNonTsExtensions":true,"noEmitForJsFiles":true,"maxNodeModuleJsDepth":2},"typeAcquisition":{"enable":true,"include":[],"exclude":[]},"unresolvedImports":[],"projectRootPath":"f:/dev/matrix-js-client/src/component","kind":"discover"}
[01:24:14.870] Explicitly included types: []
[01:24:14.870] Inferred typings from unresolved imports: []
[01:24:14.870] Result: {"cachedTypingPaths":[],"newTypingNames":[],"filesToWatch":["f:/dev/matrix-js-client/src/component/bower_components","f:/dev/matrix-js-client/src/component/node_modules"]}
[01:24:14.870] Finished typings discovery: {"cachedTypingPaths":[],"newTypingNames":[],"filesToWatch":["f:/dev/matrix-js-client/src/component/bower_components","f:/dev/matrix-js-client/src/component/node_modules"]}
[01:24:14.871] Sending response:
    {"projectName":"/dev/null/inferredProject2*","typeAcquisition":{"enable":true,"include":[],"exclude":[]},"compilerOptions":{"module":1,"target":3,"jsx":1,"allowJs":true,"allowSyntheticDefaultImports":true,"allowNonTsExtensions":true,"noEmitForJsFiles":true,"maxNodeModuleJsDepth":2},"typings":[],"unresolvedImports":[],"kind":"action::set"}
[01:24:14.871] Response has been sent.
[01:24:14.871] No new typings were requested as a result of typings discovery
[01:25:44.032] Got install request {"projectName":"/dev/null/inferredProject2*","fileNames":["f:/.emacs.d/.cache/lsp/npm/typescript/node_modules/typescript/lib/lib.es5.d.ts","f:/.emacs.d/.cache/lsp/npm/typescript/node_modules/typescript/lib/lib.es2015.d.ts","f:/.emacs.d/.cache/lsp/npm/typescript/node_modules/typescript/lib/lib.es2016.d.ts","f:/.emacs.d/.cache/lsp/npm/typescript/node_modules/typescript/lib/lib.dom.d.ts","f:/.emacs.d/.cache/lsp/npm/typescript/node_modules/typescript/lib/lib.dom.iterable.d.ts","f:/.emacs.d/.cache/lsp/npm/typescript/node_modules/typescript/lib/lib.webworker.importscripts.d.ts","f:/.emacs.d/.cache/lsp/npm/typescript/node_modules/typescript/lib/lib.scripthost.d.ts","f:/.emacs.d/.cache/lsp/npm/typescript/node_modules/typescript/lib/lib.es2015.core.d.ts","f:/.emacs.d/.cache/lsp/npm/typescript/node_modules/typescript/lib/lib.es2015.collection.d.ts","f:/.emacs.d/.cache/lsp/npm/typescript/node_modules/typescript/lib/lib.es2015.generator.d.ts","f:/.emacs.d/.cache/lsp/npm/typescript/node_modules/typescript/lib/lib.es2015.iterable.d.ts","f:/.emacs.d/.cache/lsp/npm/typescript/node_modules/typescript/lib/lib.es2015.promise.d.ts","f:/.emacs.d/.cache/lsp/npm/typescript/node_modules/typescript/lib/lib.es2015.proxy.d.ts","f:/.emacs.d/.cache/lsp/npm/typescript/node_modules/typescript/lib/lib.es2015.reflect.d.ts","f:/.emacs.d/.cache/lsp/npm/typescript/node_modules/typescript/lib/lib.es2015.symbol.d.ts","f:/.emacs.d/.cache/lsp/npm/typescript/node_modules/typescript/lib/lib.es2015.symbol.wellknown.d.ts","f:/.emacs.d/.cache/lsp/npm/typescript/node_modules/typescript/lib/lib.es2016.array.include.d.ts","f:/.emacs.d/.cache/lsp/npm/typescript/node_modules/typescript/lib/lib.es2016.full.d.ts","f:/dev/matrix-js-client/src/component/CreateNewClient.js","f:/dev/matrix-js-client/src/component/Homepage.js"],"compilerOptions":{"module":1,"target":3,"jsx":1,"allowJs":true,"allowSyntheticDefaultImports":true,"allowNonTsExtensions":true,"noEmitForJsFiles":true,"maxNodeModuleJsDepth":2},"typeAcquisition":{"enable":true,"include":[],"exclude":[]},"unresolvedImports":["@matrix-org/olm"],"projectRootPath":"f:/dev/matrix-js-client/src/component","kind":"discover"}
[01:25:44.033] Explicitly included types: []
[01:25:44.033] Inferred typings from unresolved imports: ["@matrix-org/olm"]
[01:25:44.033] Result: {"cachedTypingPaths":[],"newTypingNames":["@matrix-org/olm"],"filesToWatch":["f:/dev/matrix-js-client/src/component/bower_components","f:/dev/matrix-js-client/src/component/node_modules"]}
[01:25:44.033] Finished typings discovery: {"cachedTypingPaths":[],"newTypingNames":["@matrix-org/olm"],"filesToWatch":["f:/dev/matrix-js-client/src/component/bower_components","f:/dev/matrix-js-client/src/component/node_modules"]}
[01:25:44.034] Installing typings ["@matrix-org/olm"]
[01:25:44.034] '@matrix-org/olm':: Entry for package 'matrix-org__olm' does not exist in local types registry - skipping...
[01:25:44.034] All typings are known to be missing or invalid - no need to install more typings
[01:25:44.034] Sending response:
    {"projectName":"/dev/null/inferredProject2*","typeAcquisition":{"enable":true,"include":[],"exclude":[]},"compilerOptions":{"module":1,"target":3,"jsx":1,"allowJs":true,"allowSyntheticDefaultImports":true,"allowNonTsExtensions":true,"noEmitForJsFiles":true,"maxNodeModuleJsDepth":2},"typings":[],"unresolvedImports":["@matrix-org/olm"],"kind":"action::set"}
[01:25:44.034] Response has been sent.
