[18:53:42.218] Global cache location 'C:/Users/acer/AppData/Local/Microsoft/TypeScript/4.4', safe file path 'f:/.emacs.d/.cache/lsp/npm/typescript/node_modules/typescript/lib/typingsafelist.json', types map path f:/.emacs.d/.cache/lsp/npm/typescript/node_modules/typescript/lib/typesmap.json
[18:53:42.221] Processing cache location 'C:/Users/acer/AppData/Local/Microsoft/TypeScript/4.4'
[18:53:42.221] Trying to find 'C:/Users/acer/AppData/Local/Microsoft/TypeScript/4.4/package.json'...
[18:53:42.226] Loaded content of 'C:/Users/acer/AppData/Local/Microsoft/TypeScript/4.4/package.json': {"private":true,"dependencies":{"types-registry":"^0.1.565"},"devDependencies":{"@types/abbrev":"^1.1.2","@types/asn1":"^0.2.0","@types/assert-plus":"^1.0.4","@types/async":"^3.2.8","@types/atob":"^2.1.2","@types/aws4":"^1.11.0","@types/balanced-match":"^1.0.1","@types/bootstrap":"^5.1.6","@types/brace-expansion":"^1.1.0","@types/braces":"^3.0.1","@types/bs58":"^4.0.1","@types/cacheable-request":"^6.0.2","@types/call-bind":"^1.0.0","@types/caseless":"^0.12.2","@types/color-convert":"^2.0.0","@types/color-name":"^1.1.1","@types/combined-stream":"^1.0.3","@types/concat-map":"0.0.1","@types/configstore":"^5.0.1","@types/content-type":"^1.1.5","@types/dashdash":"^1.14.1","@types/debug":"^4.1.7","@types/deep-extend":"^0.4.32","@types/duplexer3":"^0.1.1","@types/end-of-stream":"^1.4.1","@types/extend":"^3.0.1","@types/extsprintf":"^1.4.1","@types/follow-redirects":"^1.13.1","@types/forever-agent":"^0.6.1","@types/function-bind":"^1.1.6","@types/get-intrinsic":"^1.0.0","@types/getpass":"^0.1.1","@types/glob-parent":"^5.1.1","@types/got":"^9.6.12","@types/graceful-fs":"^4.1.5","@types/has":"^1.0.0","@types/has-symbols":"^1.0.0","@types/http-cache-semantics":"^4.0.1","@types/imurmurhash":"^0.1.1","@types/ini":"^1.3.31","@types/is-ci":"^3.0.0","@types/is-glob":"^4.0.2","@types/is-number":"^7.0.1","@types/is-typedarray":"^1.0.0","@types/isstream":"^0.1.0","@types/jsbn":"^1.2.29","@types/json-buffer":"^3.0.0","@types/json-schema":"^7.0.9","@types/json-stringify-safe":"^5.0.0","@types/keyv":"^3.1.3","@types/lru-cache":"^5.1.1","@types/lz-string":"^1.3.34","@types/micromatch":"^4.0.2","@types/mime-db":"^1.43.1","@types/mime-types":"^2.1.1","@types/minimatch":"^3.0.5","@types/minimist":"^1.2.2","@types/ms":"^0.7.31","@types/nodemon":"^1.19.1","@types/nopt":"^3.0.29","@types/normalize-path":"^3.0.0","@types/object-assign":"^4.0.30","@types/object-inspect":"^1.8.1","@types/once":"^1.4.0","@types/picomatch":"^2.3.0","@types/psl":"^1.1.0","@types/pump":"^1.1.1","@types/punycode":"^2.1.0","@types/qs":"^6.9.7","@types/rc":"^1.2.0","@types/react":"^17.0.33","@types/react-dom":"^17.0.9","@types/regenerator-runtime":"^0.13.1","@types/registry-auth-token":"^4.2.1","@types/request":"^2.48.7","@types/responselike":"^1.0.0","@types/retry":"^0.12.1","@types/safer-buffer":"^2.1.0","@types/semver":"^7.3.9","@types/signal-exit":"^3.0.1","@types/sprintf":"^0.1.0","@types/sshpk":"^1.10.7","@types/supports-color":"^8.1.1","@types/tapable":"^2.2.2","@types/testing-library__jest-dom":"^5.14.1","@types/touch":"^3.1.2","@types/tough-cookie":"^4.0.1","@types/tryer":"^1.0.2","@types/update-notifier":"^5.1.0","@types/url-parse-lax":"^5.0.0","@types/uuid":"^8.3.1","@types/verror":"^1.10.5","@types/webpack-sources":"^3.2.0","@types/wrap-ansi":"^8.0.1","@types/write-file-atomic":"^3.0.2","@types/yallist":"^4.0.1"}}
[18:53:42.227] Loaded content of 'C:/Users/acer/AppData/Local/Microsoft/TypeScript/4.4/package-lock.json'
[18:53:42.247] Adding entry into typings cache: 'abbrev' => 'C:/Users/acer/AppData/Local/Microsoft/TypeScript/4.4/node_modules/@types/abbrev/index.d.ts'
[18:53:42.254] Adding entry into typings cache: 'asn1' => 'C:/Users/acer/AppData/Local/Microsoft/TypeScript/4.4/node_modules/@types/asn1/index.d.ts'
[18:53:42.262] Adding entry into typings cache: 'assert-plus' => 'C:/Users/acer/AppData/Local/Microsoft/TypeScript/4.4/node_modules/@types/assert-plus/index.d.ts'
[18:53:42.268] Adding entry into typings cache: 'async' => 'C:/Users/acer/AppData/Local/Microsoft/TypeScript/4.4/node_modules/@types/async/index.d.ts'
[18:53:42.274] Adding entry into typings cache: 'atob' => 'C:/Users/acer/AppData/Local/Microsoft/TypeScript/4.4/node_modules/@types/atob/index.d.ts'
[18:53:42.279] Adding entry into typings cache: 'aws4' => 'C:/Users/acer/AppData/Local/Microsoft/TypeScript/4.4/node_modules/@types/aws4/index.d.ts'
[18:53:42.284] Adding entry into typings cache: 'balanced-match' => 'C:/Users/acer/AppData/Local/Microsoft/TypeScript/4.4/node_modules/@types/balanced-match/index.d.ts'
[18:53:42.291] Adding entry into typings cache: 'bootstrap' => 'C:/Users/acer/AppData/Local/Microsoft/TypeScript/4.4/node_modules/@types/bootstrap/index.d.ts'
[18:53:42.295] Adding entry into typings cache: 'brace-expansion' => 'C:/Users/acer/AppData/Local/Microsoft/TypeScript/4.4/node_modules/@types/brace-expansion/index.d.ts'
[18:53:42.300] Adding entry into typings cache: 'braces' => 'C:/Users/acer/AppData/Local/Microsoft/TypeScript/4.4/node_modules/@types/braces/index.d.ts'
[18:53:42.308] Adding entry into typings cache: 'bs58' => 'C:/Users/acer/AppData/Local/Microsoft/TypeScript/4.4/node_modules/@types/bs58/index.d.ts'
[18:53:42.313] Adding entry into typings cache: 'cacheable-request' => 'C:/Users/acer/AppData/Local/Microsoft/TypeScript/4.4/node_modules/@types/cacheable-request/index.d.ts'
[18:53:42.318] Adding entry into typings cache: 'call-bind' => 'C:/Users/acer/AppData/Local/Microsoft/TypeScript/4.4/node_modules/@types/call-bind/index.d.ts'
[18:53:42.322] Adding entry into typings cache: 'caseless' => 'C:/Users/acer/AppData/Local/Microsoft/TypeScript/4.4/node_modules/@types/caseless/index.d.ts'
[18:53:42.330] Adding entry into typings cache: 'color-convert' => 'C:/Users/acer/AppData/Local/Microsoft/TypeScript/4.4/node_modules/@types/color-convert/index.d.ts'
[18:53:42.342] Adding entry into typings cache: 'color-name' => 'C:/Users/acer/AppData/Local/Microsoft/TypeScript/4.4/node_modules/@types/color-name/index.d.ts'
[18:53:42.350] Adding entry into typings cache: 'combined-stream' => 'C:/Users/acer/AppData/Local/Microsoft/TypeScript/4.4/node_modules/@types/combined-stream/index.d.ts'
[18:53:42.355] Adding entry into typings cache: 'concat-map' => 'C:/Users/acer/AppData/Local/Microsoft/TypeScript/4.4/node_modules/@types/concat-map/index.d.ts'
[18:53:42.359] Adding entry into typings cache: 'configstore' => 'C:/Users/acer/AppData/Local/Microsoft/TypeScript/4.4/node_modules/@types/configstore/index.d.ts'
[18:53:42.364] Adding entry into typings cache: 'content-type' => 'C:/Users/acer/AppData/Local/Microsoft/TypeScript/4.4/node_modules/@types/content-type/index.d.ts'
[18:53:42.369] Adding entry into typings cache: 'dashdash' => 'C:/Users/acer/AppData/Local/Microsoft/TypeScript/4.4/node_modules/@types/dashdash/index.d.ts'
[18:53:42.376] Adding entry into typings cache: 'debug' => 'C:/Users/acer/AppData/Local/Microsoft/TypeScript/4.4/node_modules/@types/debug/index.d.ts'
[18:53:42.381] Adding entry into typings cache: 'deep-extend' => 'C:/Users/acer/AppData/Local/Microsoft/TypeScript/4.4/node_modules/@types/deep-extend/index.d.ts'
[18:53:42.386] Adding entry into typings cache: 'duplexer3' => 'C:/Users/acer/AppData/Local/Microsoft/TypeScript/4.4/node_modules/@types/duplexer3/index.d.ts'
[18:53:42.391] Adding entry into typings cache: 'end-of-stream' => 'C:/Users/acer/AppData/Local/Microsoft/TypeScript/4.4/node_modules/@types/end-of-stream/index.d.ts'
[18:53:42.395] Adding entry into typings cache: 'extend' => 'C:/Users/acer/AppData/Local/Microsoft/TypeScript/4.4/node_modules/@types/extend/index.d.ts'
[18:53:42.399] Adding entry into typings cache: 'extsprintf' => 'C:/Users/acer/AppData/Local/Microsoft/TypeScript/4.4/node_modules/@types/extsprintf/index.d.ts'
[18:53:42.402] Adding entry into typings cache: 'follow-redirects' => 'C:/Users/acer/AppData/Local/Microsoft/TypeScript/4.4/node_modules/@types/follow-redirects/index.d.ts'
[18:53:42.406] Adding entry into typings cache: 'forever-agent' => 'C:/Users/acer/AppData/Local/Microsoft/TypeScript/4.4/node_modules/@types/forever-agent/index.d.ts'
[18:53:42.409] Adding entry into typings cache: 'function-bind' => 'C:/Users/acer/AppData/Local/Microsoft/TypeScript/4.4/node_modules/@types/function-bind/index.d.ts'
[18:53:42.413] Adding entry into typings cache: 'get-intrinsic' => 'C:/Users/acer/AppData/Local/Microsoft/TypeScript/4.4/node_modules/@types/get-intrinsic/index.d.ts'
[18:53:42.418] Adding entry into typings cache: 'getpass' => 'C:/Users/acer/AppData/Local/Microsoft/TypeScript/4.4/node_modules/@types/getpass/index.d.ts'
[18:53:42.422] Adding entry into typings cache: 'glob-parent' => 'C:/Users/acer/AppData/Local/Microsoft/TypeScript/4.4/node_modules/@types/glob-parent/index.d.ts'
[18:53:42.426] Adding entry into typings cache: 'got' => 'C:/Users/acer/AppData/Local/Microsoft/TypeScript/4.4/node_modules/@types/got/index.d.ts'
[18:53:42.430] Adding entry into typings cache: 'graceful-fs' => 'C:/Users/acer/AppData/Local/Microsoft/TypeScript/4.4/node_modules/@types/graceful-fs/index.d.ts'
[18:53:42.435] Adding entry into typings cache: 'has' => 'C:/Users/acer/AppData/Local/Microsoft/TypeScript/4.4/node_modules/@types/has/index.d.ts'
[18:53:42.439] Adding entry into typings cache: 'has-symbols' => 'C:/Users/acer/AppData/Local/Microsoft/TypeScript/4.4/node_modules/@types/has-symbols/index.d.ts'
[18:53:42.442] Adding entry into typings cache: 'http-cache-semantics' => 'C:/Users/acer/AppData/Local/Microsoft/TypeScript/4.4/node_modules/@types/http-cache-semantics/index.d.ts'
[18:53:42.445] Adding entry into typings cache: 'imurmurhash' => 'C:/Users/acer/AppData/Local/Microsoft/TypeScript/4.4/node_modules/@types/imurmurhash/index.d.ts'
[18:53:42.449] Adding entry into typings cache: 'ini' => 'C:/Users/acer/AppData/Local/Microsoft/TypeScript/4.4/node_modules/@types/ini/index.d.ts'
[18:53:42.453] Adding entry into typings cache: 'is-ci' => 'C:/Users/acer/AppData/Local/Microsoft/TypeScript/4.4/node_modules/@types/is-ci/index.d.ts'
[18:53:42.458] Adding entry into typings cache: 'is-glob' => 'C:/Users/acer/AppData/Local/Microsoft/TypeScript/4.4/node_modules/@types/is-glob/index.d.ts'
[18:53:42.462] Adding entry into typings cache: 'is-number' => 'C:/Users/acer/AppData/Local/Microsoft/TypeScript/4.4/node_modules/@types/is-number/index.d.ts'
[18:53:42.466] Adding entry into typings cache: 'is-typedarray' => 'C:/Users/acer/AppData/Local/Microsoft/TypeScript/4.4/node_modules/@types/is-typedarray/index.d.ts'
[18:53:42.470] Adding entry into typings cache: 'isstream' => 'C:/Users/acer/AppData/Local/Microsoft/TypeScript/4.4/node_modules/@types/isstream/index.d.ts'
[18:53:42.474] Adding entry into typings cache: 'jsbn' => 'C:/Users/acer/AppData/Local/Microsoft/TypeScript/4.4/node_modules/@types/jsbn/index.d.ts'
[18:53:42.477] Adding entry into typings cache: 'json-buffer' => 'C:/Users/acer/AppData/Local/Microsoft/TypeScript/4.4/node_modules/@types/json-buffer/index.d.ts'
[18:53:42.482] Adding entry into typings cache: 'json-schema' => 'C:/Users/acer/AppData/Local/Microsoft/TypeScript/4.4/node_modules/@types/json-schema/index.d.ts'
[18:53:42.486] Adding entry into typings cache: 'json-stringify-safe' => 'C:/Users/acer/AppData/Local/Microsoft/TypeScript/4.4/node_modules/@types/json-stringify-safe/index.d.ts'
[18:53:42.490] Adding entry into typings cache: 'keyv' => 'C:/Users/acer/AppData/Local/Microsoft/TypeScript/4.4/node_modules/@types/keyv/index.d.ts'
[18:53:42.493] Adding entry into typings cache: 'lru-cache' => 'C:/Users/acer/AppData/Local/Microsoft/TypeScript/4.4/node_modules/@types/lru-cache/index.d.ts'
[18:53:42.497] Adding entry into typings cache: 'lz-string' => 'C:/Users/acer/AppData/Local/Microsoft/TypeScript/4.4/node_modules/@types/lz-string/index.d.ts'
[18:53:42.501] Adding entry into typings cache: 'micromatch' => 'C:/Users/acer/AppData/Local/Microsoft/TypeScript/4.4/node_modules/@types/micromatch/index.d.ts'
[18:53:42.507] Adding entry into typings cache: 'mime-db' => 'C:/Users/acer/AppData/Local/Microsoft/TypeScript/4.4/node_modules/@types/mime-db/index.d.ts'
[18:53:42.514] Adding entry into typings cache: 'mime-types' => 'C:/Users/acer/AppData/Local/Microsoft/TypeScript/4.4/node_modules/@types/mime-types/index.d.ts'
[18:53:42.518] Adding entry into typings cache: 'minimatch' => 'C:/Users/acer/AppData/Local/Microsoft/TypeScript/4.4/node_modules/@types/minimatch/index.d.ts'
[18:53:42.521] Adding entry into typings cache: 'minimist' => 'C:/Users/acer/AppData/Local/Microsoft/TypeScript/4.4/node_modules/@types/minimist/index.d.ts'
[18:53:42.525] Adding entry into typings cache: 'ms' => 'C:/Users/acer/AppData/Local/Microsoft/TypeScript/4.4/node_modules/@types/ms/index.d.ts'
[18:53:42.529] Adding entry into typings cache: 'nodemon' => 'C:/Users/acer/AppData/Local/Microsoft/TypeScript/4.4/node_modules/@types/nodemon/index.d.ts'
[18:53:42.533] Adding entry into typings cache: 'nopt' => 'C:/Users/acer/AppData/Local/Microsoft/TypeScript/4.4/node_modules/@types/nopt/index.d.ts'
[18:53:42.537] Adding entry into typings cache: 'normalize-path' => 'C:/Users/acer/AppData/Local/Microsoft/TypeScript/4.4/node_modules/@types/normalize-path/index.d.ts'
[18:53:42.542] Adding entry into typings cache: 'object-assign' => 'C:/Users/acer/AppData/Local/Microsoft/TypeScript/4.4/node_modules/@types/object-assign/index.d.ts'
[18:53:42.545] Adding entry into typings cache: 'object-inspect' => 'C:/Users/acer/AppData/Local/Microsoft/TypeScript/4.4/node_modules/@types/object-inspect/index.d.ts'
[18:53:42.553] Adding entry into typings cache: 'once' => 'C:/Users/acer/AppData/Local/Microsoft/TypeScript/4.4/node_modules/@types/once/index.d.ts'
[18:53:42.557] Adding entry into typings cache: 'picomatch' => 'C:/Users/acer/AppData/Local/Microsoft/TypeScript/4.4/node_modules/@types/picomatch/index.d.ts'
[18:53:42.561] Adding entry into typings cache: 'psl' => 'C:/Users/acer/AppData/Local/Microsoft/TypeScript/4.4/node_modules/@types/psl/index.d.ts'
[18:53:42.564] Adding entry into typings cache: 'pump' => 'C:/Users/acer/AppData/Local/Microsoft/TypeScript/4.4/node_modules/@types/pump/index.d.ts'
[18:53:42.568] Adding entry into typings cache: 'punycode' => 'C:/Users/acer/AppData/Local/Microsoft/TypeScript/4.4/node_modules/@types/punycode/index.d.ts'
[18:53:42.572] Adding entry into typings cache: 'qs' => 'C:/Users/acer/AppData/Local/Microsoft/TypeScript/4.4/node_modules/@types/qs/index.d.ts'
[18:53:42.575] Adding entry into typings cache: 'rc' => 'C:/Users/acer/AppData/Local/Microsoft/TypeScript/4.4/node_modules/@types/rc/index.d.ts'
[18:53:42.581] Adding entry into typings cache: 'react' => 'C:/Users/acer/AppData/Local/Microsoft/TypeScript/4.4/node_modules/@types/react/index.d.ts'
[18:53:42.586] Adding entry into typings cache: 'react-dom' => 'C:/Users/acer/AppData/Local/Microsoft/TypeScript/4.4/node_modules/@types/react-dom/index.d.ts'
[18:53:42.589] Adding entry into typings cache: 'regenerator-runtime' => 'C:/Users/acer/AppData/Local/Microsoft/TypeScript/4.4/node_modules/@types/regenerator-runtime/index.d.ts'
[18:53:42.593] Adding entry into typings cache: 'registry-auth-token' => 'C:/Users/acer/AppData/Local/Microsoft/TypeScript/4.4/node_modules/@types/registry-auth-token/index.d.ts'
[18:53:42.597] Adding entry into typings cache: 'request' => 'C:/Users/acer/AppData/Local/Microsoft/TypeScript/4.4/node_modules/@types/request/index.d.ts'
[18:53:42.601] Adding entry into typings cache: 'responselike' => 'C:/Users/acer/AppData/Local/Microsoft/TypeScript/4.4/node_modules/@types/responselike/index.d.ts'
[18:53:42.606] Adding entry into typings cache: 'retry' => 'C:/Users/acer/AppData/Local/Microsoft/TypeScript/4.4/node_modules/@types/retry/index.d.ts'
[18:53:42.609] Adding entry into typings cache: 'safer-buffer' => 'C:/Users/acer/AppData/Local/Microsoft/TypeScript/4.4/node_modules/@types/safer-buffer/index.d.ts'
[18:53:42.614] Adding entry into typings cache: 'semver' => 'C:/Users/acer/AppData/Local/Microsoft/TypeScript/4.4/node_modules/@types/semver/index.d.ts'
[18:53:42.617] Adding entry into typings cache: 'signal-exit' => 'C:/Users/acer/AppData/Local/Microsoft/TypeScript/4.4/node_modules/@types/signal-exit/index.d.ts'
[18:53:42.620] Adding entry into typings cache: 'sprintf' => 'C:/Users/acer/AppData/Local/Microsoft/TypeScript/4.4/node_modules/@types/sprintf/index.d.ts'
[18:53:42.624] Adding entry into typings cache: 'sshpk' => 'C:/Users/acer/AppData/Local/Microsoft/TypeScript/4.4/node_modules/@types/sshpk/index.d.ts'
[18:53:42.629] Adding entry into typings cache: 'supports-color' => 'C:/Users/acer/AppData/Local/Microsoft/TypeScript/4.4/node_modules/@types/supports-color/index.d.ts'
[18:53:42.632] Adding entry into typings cache: 'tapable' => 'C:/Users/acer/AppData/Local/Microsoft/TypeScript/4.4/node_modules/tapable/tapable.d.ts'
[18:53:42.636] Adding entry into typings cache: 'testing-library__jest-dom' => 'C:/Users/acer/AppData/Local/Microsoft/TypeScript/4.4/node_modules/@types/testing-library__jest-dom/index.d.ts'
[18:53:42.641] Adding entry into typings cache: 'touch' => 'C:/Users/acer/AppData/Local/Microsoft/TypeScript/4.4/node_modules/@types/touch/index.d.ts'
[18:53:42.645] Adding entry into typings cache: 'tough-cookie' => 'C:/Users/acer/AppData/Local/Microsoft/TypeScript/4.4/node_modules/@types/tough-cookie/index.d.ts'
[18:53:42.648] Adding entry into typings cache: 'tryer' => 'C:/Users/acer/AppData/Local/Microsoft/TypeScript/4.4/node_modules/@types/tryer/index.d.ts'
[18:53:42.652] Adding entry into typings cache: 'update-notifier' => 'C:/Users/acer/AppData/Local/Microsoft/TypeScript/4.4/node_modules/@types/update-notifier/index.d.ts'
[18:53:42.657] Adding entry into typings cache: 'url-parse-lax' => 'C:/Users/acer/AppData/Local/Microsoft/TypeScript/4.4/node_modules/@types/url-parse-lax/index.d.ts'
[18:53:42.661] Adding entry into typings cache: 'uuid' => 'C:/Users/acer/AppData/Local/Microsoft/TypeScript/4.4/node_modules/@types/uuid/index.d.ts'
[18:53:42.664] Adding entry into typings cache: 'verror' => 'C:/Users/acer/AppData/Local/Microsoft/TypeScript/4.4/node_modules/@types/verror/index.d.ts'
[18:53:42.668] Adding entry into typings cache: 'webpack-sources' => 'C:/Users/acer/AppData/Local/Microsoft/TypeScript/4.4/node_modules/@types/webpack-sources/index.d.ts'
[18:53:42.671] Adding entry into typings cache: 'wrap-ansi' => 'C:/Users/acer/AppData/Local/Microsoft/TypeScript/4.4/node_modules/@types/wrap-ansi/index.d.ts'
[18:53:42.674] Adding entry into typings cache: 'write-file-atomic' => 'C:/Users/acer/AppData/Local/Microsoft/TypeScript/4.4/node_modules/@types/write-file-atomic/index.d.ts'
[18:53:42.677] Adding entry into typings cache: 'yallist' => 'C:/Users/acer/AppData/Local/Microsoft/TypeScript/4.4/node_modules/@types/yallist/index.d.ts'
[18:53:42.677] Finished processing cache location 'C:/Users/acer/AppData/Local/Microsoft/TypeScript/4.4'
[18:53:42.677] Process id: 21220
[18:53:42.678] NPM location: "C:\Program Files\nodejs\npm" (explicit '--npmLocation' not  provided)
[18:53:42.678] validateDefaultNpmLocation: false
[18:53:42.678] Npm config file: C:/Users/acer/AppData/Local/Microsoft/TypeScript/4.4/package.json
[18:53:42.678] Updating types-registry npm package...
[18:53:42.679] Exec: "C:\Program Files\nodejs\npm" install --ignore-scripts types-registry@latest
[18:53:46.856]     Succeeded. stdout:
    + types-registry@0.1.565
    updated 1 package and audited 155 packages in 2.286s

8 packages are looking for funding
  run `npm fund` for details

found 0 vulnerabilities


[18:53:46.857] Updated types-registry npm package
[18:53:52.392] Got install request {"projectName":"/dev/null/inferredProject1*","fileNames":["f:/.emacs.d/.cache/lsp/npm/typescript/node_modules/typescript/lib/lib.es5.d.ts","f:/.emacs.d/.cache/lsp/npm/typescript/node_modules/typescript/lib/lib.es2015.d.ts","f:/.emacs.d/.cache/lsp/npm/typescript/node_modules/typescript/lib/lib.es2016.d.ts","f:/.emacs.d/.cache/lsp/npm/typescript/node_modules/typescript/lib/lib.dom.d.ts","f:/.emacs.d/.cache/lsp/npm/typescript/node_modules/typescript/lib/lib.dom.iterable.d.ts","f:/.emacs.d/.cache/lsp/npm/typescript/node_modules/typescript/lib/lib.webworker.importscripts.d.ts","f:/.emacs.d/.cache/lsp/npm/typescript/node_modules/typescript/lib/lib.scripthost.d.ts","f:/.emacs.d/.cache/lsp/npm/typescript/node_modules/typescript/lib/lib.es2015.core.d.ts","f:/.emacs.d/.cache/lsp/npm/typescript/node_modules/typescript/lib/lib.es2015.collection.d.ts","f:/.emacs.d/.cache/lsp/npm/typescript/node_modules/typescript/lib/lib.es2015.generator.d.ts","f:/.emacs.d/.cache/lsp/npm/typescript/node_modules/typescript/lib/lib.es2015.iterable.d.ts","f:/.emacs.d/.cache/lsp/npm/typescript/node_modules/typescript/lib/lib.es2015.promise.d.ts","f:/.emacs.d/.cache/lsp/npm/typescript/node_modules/typescript/lib/lib.es2015.proxy.d.ts","f:/.emacs.d/.cache/lsp/npm/typescript/node_modules/typescript/lib/lib.es2015.reflect.d.ts","f:/.emacs.d/.cache/lsp/npm/typescript/node_modules/typescript/lib/lib.es2015.symbol.d.ts","f:/.emacs.d/.cache/lsp/npm/typescript/node_modules/typescript/lib/lib.es2015.symbol.wellknown.d.ts","f:/.emacs.d/.cache/lsp/npm/typescript/node_modules/typescript/lib/lib.es2016.array.include.d.ts","f:/.emacs.d/.cache/lsp/npm/typescript/node_modules/typescript/lib/lib.es2016.full.d.ts","f:/dev/matrix-js-client/src/component/jsUtil/storage.js","f:/dev/matrix-js-client/src/component/jsUtil/login.js"],"compilerOptions":{"module":1,"target":3,"jsx":1,"allowJs":true,"allowSyntheticDefaultImports":true,"allowNonTsExtensions":true,"noEmitForJsFiles":true,"maxNodeModuleJsDepth":2},"typeAcquisition":{"enable":true,"include":[],"exclude":[]},"unresolvedImports":["@matrix-org/olm"],"projectRootPath":"f:/dev/matrix-js-client/src/component/jsUtil","kind":"discover"}
[18:53:52.398] Loaded safelist from types map file 'f:/.emacs.d/.cache/lsp/npm/typescript/node_modules/typescript/lib/typesmap.json'
[18:53:52.398] Explicitly included types: []
[18:53:52.399] Inferred typings from unresolved imports: ["@matrix-org/olm"]
[18:53:52.400] Result: {"cachedTypingPaths":[],"newTypingNames":["@matrix-org/olm"],"filesToWatch":["f:/dev/matrix-js-client/src/component/jsUtil/bower_components","f:/dev/matrix-js-client/src/component/jsUtil/node_modules"]}
[18:53:52.400] Finished typings discovery: {"cachedTypingPaths":[],"newTypingNames":["@matrix-org/olm"],"filesToWatch":["f:/dev/matrix-js-client/src/component/jsUtil/bower_components","f:/dev/matrix-js-client/src/component/jsUtil/node_modules"]}
[18:53:52.401] DirectoryWatcher:: Added:: WatchInfo: f:/dev/matrix-js-client/src/component/jsUtil/bower_components
[18:53:52.401] DirectoryWatcher:: Added:: WatchInfo: f:/dev/matrix-js-client/src/component/jsUtil/bower_components 1 undefined Project: /dev/null/inferredProject1* watcher already invoked: false
[18:53:52.403] Elapsed:: 1.7879999876022339ms DirectoryWatcher:: Added:: WatchInfo: f:/dev/matrix-js-client/src/component/jsUtil/bower_components 1 undefined Project: /dev/null/inferredProject1* watcher already invoked: false
[18:53:52.403] DirectoryWatcher:: Added:: WatchInfo: f:/dev/matrix-js-client/src/component/jsUtil/node_modules
[18:53:52.403] DirectoryWatcher:: Added:: WatchInfo: f:/dev/matrix-js-client/src/component/jsUtil/node_modules 1 undefined Project: /dev/null/inferredProject1* watcher already invoked: false
[18:53:52.404] Elapsed:: 0.17659997940063477ms DirectoryWatcher:: Added:: WatchInfo: f:/dev/matrix-js-client/src/component/jsUtil/node_modules 1 undefined Project: /dev/null/inferredProject1* watcher already invoked: false
[18:53:52.404] Installing typings ["@matrix-org/olm"]
[18:53:52.404] '@matrix-org/olm':: Entry for package 'matrix-org__olm' does not exist in local types registry - skipping...
[18:53:52.405] All typings are known to be missing or invalid - no need to install more typings
[18:53:52.405] Sending response:
    {"projectName":"/dev/null/inferredProject1*","typeAcquisition":{"enable":true,"include":[],"exclude":[]},"compilerOptions":{"module":1,"target":3,"jsx":1,"allowJs":true,"allowSyntheticDefaultImports":true,"allowNonTsExtensions":true,"noEmitForJsFiles":true,"maxNodeModuleJsDepth":2},"typings":[],"unresolvedImports":["@matrix-org/olm"],"kind":"action::set"}
[18:53:52.405] Response has been sent.
